[      48ms] [INFO] %cDownload the React DevTools for a better development experience: https://reactjs.org/link/react-devtools font-weight:bold @ http://localhost:5173/node_modules/.vite/deps/chunk-PJEEZAML.js?v=932984aa:21550
[      58ms] [WARNING] ⚠️ React Router Future Flag Warning: React Router will begin wrapping state updates in `React.startTransition` in v7. You can use the `v7_startTransition` future flag to opt-in early. For more information, see https://reactrouter.com/v6/upgrading/future#v7_starttransition. @ http://localhost:5173/node_modules/.vite/deps/react-router-dom.js?v=b236fe48:4426
[      58ms] [WARNING] ⚠️ React Router Future Flag Warning: Relative route resolution within Splat routes is changing in v7. You can use the `v7_relativeSplatPath` future flag to opt-in early. For more information, see https://reactrouter.com/v6/upgrading/future#v7_relativesplatpath. @ http://localhost:5173/node_modules/.vite/deps/react-router-dom.js?v=b236fe48:4426
[  929075ms] [LOG] [vite] server connection lost. Polling for restart... @ http://localhost:5173/@vite/client:559
[  929211ms] [INFO] %cDownload the React DevTools for a better development experience: https://reactjs.org/link/react-devtools font-weight:bold @ http://localhost:5173/node_modules/.vite/deps/chunk-PJEEZAML.js?v=932984aa:21550
[  929222ms] [WARNING] ⚠️ React Router Future Flag Warning: React Router will begin wrapping state updates in `React.startTransition` in v7. You can use the `v7_startTransition` future flag to opt-in early. For more information, see https://reactrouter.com/v6/upgrading/future#v7_starttransition. @ http://localhost:5173/node_modules/.vite/deps/react-router-dom.js?v=b236fe48:4426
[  929222ms] [WARNING] ⚠️ React Router Future Flag Warning: Relative route resolution within Splat routes is changing in v7. You can use the `v7_relativeSplatPath` future flag to opt-in early. For more information, see https://reactrouter.com/v6/upgrading/future#v7_relativesplatpath. @ http://localhost:5173/node_modules/.vite/deps/react-router-dom.js?v=b236fe48:4426
[  959218ms] [LOG] [vite] server connection lost. Polling for restart... @ http://localhost:5173/@vite/client:559
[  959287ms] [INFO] %cDownload the React DevTools for a better development experience: https://reactjs.org/link/react-devtools font-weight:bold @ http://localhost:5173/node_modules/.vite/deps/chunk-PJEEZAML.js?v=932984aa:21550
[  959297ms] [WARNING] ⚠️ React Router Future Flag Warning: React Router will begin wrapping state updates in `React.startTransition` in v7. You can use the `v7_startTransition` future flag to opt-in early. For more information, see https://reactrouter.com/v6/upgrading/future#v7_starttransition. @ http://localhost:5173/node_modules/.vite/deps/react-router-dom.js?v=b236fe48:4426
[  959297ms] [WARNING] ⚠️ React Router Future Flag Warning: Relative route resolution within Splat routes is changing in v7. You can use the `v7_relativeSplatPath` future flag to opt-in early. For more information, see https://reactrouter.com/v6/upgrading/future#v7_relativesplatpath. @ http://localhost:5173/node_modules/.vite/deps/react-router-dom.js?v=b236fe48:4426
[ 1265637ms] [LOG] [vite] server connection lost. Polling for restart... @ http://localhost:5173/@vite/client:559
[ 1265706ms] [INFO] %cDownload the React DevTools for a better development experience: https://reactjs.org/link/react-devtools font-weight:bold @ http://localhost:5173/node_modules/.vite/deps/chunk-PJEEZAML.js?v=932984aa:21550
[ 1265720ms] [WARNING] ⚠️ React Router Future Flag Warning: React Router will begin wrapping state updates in `React.startTransition` in v7. You can use the `v7_startTransition` future flag to opt-in early. For more information, see https://reactrouter.com/v6/upgrading/future#v7_starttransition. @ http://localhost:5173/node_modules/.vite/deps/react-router-dom.js?v=b236fe48:4426
[ 1265720ms] [WARNING] ⚠️ React Router Future Flag Warning: Relative route resolution within Splat routes is changing in v7. You can use the `v7_relativeSplatPath` future flag to opt-in early. For more information, see https://reactrouter.com/v6/upgrading/future#v7_relativesplatpath. @ http://localhost:5173/node_modules/.vite/deps/react-router-dom.js?v=b236fe48:4426
[ 8840826ms] [INFO] %cDownload the React DevTools for a better development experience: https://reactjs.org/link/react-devtools font-weight:bold @ http://localhost:5173/node_modules/.vite/deps/chunk-PJEEZAML.js?v=932984aa:21550
[ 8840841ms] [WARNING] ⚠️ React Router Future Flag Warning: React Router will begin wrapping state updates in `React.startTransition` in v7. You can use the `v7_startTransition` future flag to opt-in early. For more information, see https://reactrouter.com/v6/upgrading/future#v7_starttransition. @ http://localhost:5173/node_modules/.vite/deps/react-router-dom.js?v=b236fe48:4426
[ 8840841ms] [WARNING] ⚠️ React Router Future Flag Warning: Relative route resolution within Splat routes is changing in v7. You can use the `v7_relativeSplatPath` future flag to opt-in early. For more information, see https://reactrouter.com/v6/upgrading/future#v7_relativesplatpath. @ http://localhost:5173/node_modules/.vite/deps/react-router-dom.js?v=b236fe48:4426
[ 8860604ms] TypeError: Cannot destructure property 'page' of 'filters' as it is undefined.
    at http://localhost:5173/src/components/AuctionMap.tsx?t=1782080660526:37:13
    at commitHookEffectListMount (http://localhost:5173/node_modules/.vite/deps/chunk-PJEEZAML.js?v=932984aa:16915:34)
    at commitPassiveMountOnFiber (http://localhost:5173/node_modules/.vite/deps/chunk-PJEEZAML.js?v=932984aa:18156:19)
    at commitPassiveMountEffects_complete (http://localhost:5173/node_modules/.vite/deps/chunk-PJEEZAML.js?v=932984aa:18129:17)
    at commitPassiveMountEffects_begin (http://localhost:5173/node_modules/.vite/deps/chunk-PJEEZAML.js?v=932984aa:18119:15)
    at commitPassiveMountEffects (http://localhost:5173/node_modules/.vite/deps/chunk-PJEEZAML.js?v=932984aa:18109:11)
    at flushPassiveEffectsImpl (http://localhost:5173/node_modules/.vite/deps/chunk-PJEEZAML.js?v=932984aa:19490:11)
    at flushPassiveEffects (http://localhost:5173/node_modules/.vite/deps/chunk-PJEEZAML.js?v=932984aa:19447:22)
    at commitRootImpl (http://localhost:5173/node_modules/.vite/deps/chunk-PJEEZAML.js?v=932984aa:19416:13)
    at commitRoot (http://localhost:5173/node_modules/.vite/deps/chunk-PJEEZAML.js?v=932984aa:19277:13)
[ 8860604ms] TypeError: Cannot destructure property 'page' of 'filters' as it is undefined.
    at http://localhost:5173/src/components/AuctionMap.tsx?t=1782080660526:37:13
    at commitHookEffectListMount (http://localhost:5173/node_modules/.vite/deps/chunk-PJEEZAML.js?v=932984aa:16915:34)
    at invokePassiveEffectMountInDEV (http://localhost:5173/node_modules/.vite/deps/chunk-PJEEZAML.js?v=932984aa:18324:19)
    at invokeEffectsInDev (http://localhost:5173/node_modules/.vite/deps/chunk-PJEEZAML.js?v=932984aa:19701:19)
    at commitDoubleInvokeEffectsInDEV (http://localhost:5173/node_modules/.vite/deps/chunk-PJEEZAML.js?v=932984aa:19686:15)
    at flushPassiveEffectsImpl (http://localhost:5173/node_modules/.vite/deps/chunk-PJEEZAML.js?v=932984aa:19503:13)
    at flushPassiveEffects (http://localhost:5173/node_modules/.vite/deps/chunk-PJEEZAML.js?v=932984aa:19447:22)
    at commitRootImpl (http://localhost:5173/node_modules/.vite/deps/chunk-PJEEZAML.js?v=932984aa:19416:13)
    at commitRoot (http://localhost:5173/node_modules/.vite/deps/chunk-PJEEZAML.js?v=932984aa:19277:13)
    at performSyncWorkOnRoot (http://localhost:5173/node_modules/.vite/deps/chunk-PJEEZAML.js?v=932984aa:18895:11)
[ 8860605ms] [ERROR] The above error occurred in the <AuctionMap> component:

    at AuctionMap (http://localhost:5173/src/components/AuctionMap.tsx?t=1782080660526:32:38)
    at div
    at div
    at div
    at Search (http://localhost:5173/src/pages/Search.tsx?t=1782080648109:28:20)
    at RenderedRoute (http://localhost:5173/node_modules/.vite/deps/react-router-dom.js?v=b236fe48:4122:5)
    at Routes (http://localhost:5173/node_modules/.vite/deps/react-router-dom.js?v=b236fe48:4592:5)
    at RenderedRoute (http://localhost:5173/node_modules/.vite/deps/react-router-dom.js?v=b236fe48:4122:5)
    at Routes (http://localhost:5173/node_modules/.vite/deps/react-router-dom.js?v=b236fe48:4592:5)
    at Router (http://localhost:5173/node_modules/.vite/deps/react-router-dom.js?v=b236fe48:4535:15)
    at BrowserRouter (http://localhost:5173/node_modules/.vite/deps/react-router-dom.js?v=b236fe48:5273:5)
    at App
    at I18nProvider (http://localhost:5173/src/lib/i18n.tsx?t=1782071296557:180:32)

Consider adding an error boundary to your tree to customize error handling behavior.
Visit https://reactjs.org/link/error-boundaries to learn more about error boundaries. @ http://localhost:5173/node_modules/.vite/deps/chunk-PJEEZAML.js?v=932984aa:14031
[ 8860605ms] [ERROR] The above error occurred in the <AuctionMap> component:

    at AuctionMap (http://localhost:5173/src/components/AuctionMap.tsx?t=1782080660526:32:38)
    at div
    at div
    at div
    at Search (http://localhost:5173/src/pages/Search.tsx?t=1782080648109:28:20)
    at RenderedRoute (http://localhost:5173/node_modules/.vite/deps/react-router-dom.js?v=b236fe48:4122:5)
    at Routes (http://localhost:5173/node_modules/.vite/deps/react-router-dom.js?v=b236fe48:4592:5)
    at RenderedRoute (http://localhost:5173/node_modules/.vite/deps/react-router-dom.js?v=b236fe48:4122:5)
    at Routes (http://localhost:5173/node_modules/.vite/deps/react-router-dom.js?v=b236fe48:4592:5)
    at Router (http://localhost:5173/node_modules/.vite/deps/react-router-dom.js?v=b236fe48:4535:15)
    at BrowserRouter (http://localhost:5173/node_modules/.vite/deps/react-router-dom.js?v=b236fe48:5273:5)
    at App
    at I18nProvider (http://localhost:5173/src/lib/i18n.tsx?t=1782071296557:180:32)

Consider adding an error boundary to your tree to customize error handling behavior.
Visit https://reactjs.org/link/error-boundaries to learn more about error boundaries. @ http://localhost:5173/node_modules/.vite/deps/chunk-PJEEZAML.js?v=932984aa:14031
[ 8860606ms] TypeError: Cannot destructure property 'page' of 'filters' as it is undefined.
    at http://localhost:5173/src/components/AuctionMap.tsx?t=1782080660526:37:13
    at commitHookEffectListMount (http://localhost:5173/node_modules/.vite/deps/chunk-PJEEZAML.js?v=932984aa:16915:34)
    at commitPassiveMountOnFiber (http://localhost:5173/node_modules/.vite/deps/chunk-PJEEZAML.js?v=932984aa:18156:19)
    at commitPassiveMountEffects_complete (http://localhost:5173/node_modules/.vite/deps/chunk-PJEEZAML.js?v=932984aa:18129:17)
    at commitPassiveMountEffects_begin (http://localhost:5173/node_modules/.vite/deps/chunk-PJEEZAML.js?v=932984aa:18119:15)
    at commitPassiveMountEffects (http://localhost:5173/node_modules/.vite/deps/chunk-PJEEZAML.js?v=932984aa:18109:11)
    at flushPassiveEffectsImpl (http://localhost:5173/node_modules/.vite/deps/chunk-PJEEZAML.js?v=932984aa:19490:11)
    at flushPassiveEffects (http://localhost:5173/node_modules/.vite/deps/chunk-PJEEZAML.js?v=932984aa:19447:22)
    at commitRootImpl (http://localhost:5173/node_modules/.vite/deps/chunk-PJEEZAML.js?v=932984aa:19416:13)
    at commitRoot (http://localhost:5173/node_modules/.vite/deps/chunk-PJEEZAML.js?v=932984aa:19277:13)
[ 8864902ms] [ERROR] Access to XMLHttpRequest at 'http://localhost:8000/auctions/pins' from origin 'http://localhost:5173' has been blocked by CORS policy: No 'Access-Control-Allow-Origin' header is present on the requested resource. @ http://localhost:5173/:0
[ 8864903ms] [ERROR] Failed to load resource: net::ERR_FAILED @ http://localhost:8000/auctions/pins:0
[ 8865188ms] [ERROR] Access to XMLHttpRequest at 'http://localhost:8000/auctions/pins' from origin 'http://localhost:5173' has been blocked by CORS policy: No 'Access-Control-Allow-Origin' header is present on the requested resource. @ http://localhost:5173/:0
[ 8865188ms] [ERROR] Failed to load resource: net::ERR_FAILED @ http://localhost:8000/auctions/pins:0
[ 9150674ms] [LOG] [vite] server connection lost. Polling for restart... @ http://localhost:5173/@vite/client:559
[ 9150755ms] [INFO] %cDownload the React DevTools for a better development experience: https://reactjs.org/link/react-devtools font-weight:bold @ http://localhost:5173/node_modules/.vite/deps/chunk-PJEEZAML.js?v=932984aa:21550
[ 9150768ms] [WARNING] ⚠️ React Router Future Flag Warning: React Router will begin wrapping state updates in `React.startTransition` in v7. You can use the `v7_startTransition` future flag to opt-in early. For more information, see https://reactrouter.com/v6/upgrading/future#v7_starttransition. @ http://localhost:5173/node_modules/.vite/deps/react-router-dom.js?v=b236fe48:4426
[ 9150768ms] [WARNING] ⚠️ React Router Future Flag Warning: Relative route resolution within Splat routes is changing in v7. You can use the `v7_relativeSplatPath` future flag to opt-in early. For more information, see https://reactrouter.com/v6/upgrading/future#v7_relativesplatpath. @ http://localhost:5173/node_modules/.vite/deps/react-router-dom.js?v=b236fe48:4426
[11060744ms] [ERROR] Failed to load resource: the server responded with a status of 500 (Internal Server Error) @ http://localhost:5173/src/components/AuctionMap.tsx?t=1782082860673:0
[11060744ms] [ERROR] [hmr] Failed to reload /src/components/AuctionMap.tsx. This could be due to syntax errors or importing non-existent modules. (see errors above) @ http://localhost:5173/@vite/client:175
[11061293ms] [ERROR] Failed to load resource: the server responded with a status of 500 (Internal Server Error) @ http://localhost:5173/src/components/AuctionMap.tsx?t=1782082860673:0
